Removed Pin From Net: NetName=GND Pin=C1_1-1
Removed Pin From Net: NetName=VCC Pin=C1_1-2
Removed Pin From Net: NetName=GND Pin=C1_2-1
Removed Pin From Net: NetName=VCC Pin=C1_2-2
Removed Pin From Net: NetName=GND Pin=C1_3-1
Removed Pin From Net: NetName=VCC Pin=C1_3-2
Removed Pin From Net: NetName=GND Pin=C1_4-1
Removed Pin From Net: NetName=VCC Pin=C1_4-2
Removed Pin From Net: NetName=GND Pin=C2_1-1
Removed Pin From Net: NetName=VCC Pin=C2_1-2
Removed Pin From Net: NetName=GND Pin=C2_2-1
Removed Pin From Net: NetName=VCC Pin=C2_2-2
Removed Pin From Net: NetName=GND Pin=C2_3-1
Removed Pin From Net: NetName=VCC Pin=C2_3-2
Removed Pin From Net: NetName=GND Pin=C2_4-1
Removed Pin From Net: NetName=VCC Pin=C2_4-2
Removed Pin From Net: NetName=NetR1_1_1 Pin=R1_1-1
Removed Pin From Net: NetName=NetR1_2_1 Pin=R1_2-1
Removed Pin From Net: NetName=NetR1_3_1 Pin=R1_3-1
Removed Pin From Net: NetName=NetR1_4_1 Pin=R1_4-1
Removed Pin From Net: NetName=NetR1_1_1 Pin=X1_1-1
Removed Pin From Net: NetName=NetR1_2_1 Pin=X1_2-1
Removed Pin From Net: NetName=NetR1_3_1 Pin=X1_3-1
Removed Pin From Net: NetName=NetR1_4_1 Pin=X1_4-1
Removed Member From Class: ClassName=1 Member=C1_1
Removed Member From Class: ClassName=2 Member=C1_2
Removed Member From Class: ClassName=3 Member=C1_3
Removed Member From Class: ClassName=4 Member=C1_4
Removed Member From Class: ClassName=1 Member=C2_1
Removed Member From Class: ClassName=2 Member=C2_2
Removed Member From Class: ClassName=3 Member=C2_3
Removed Member From Class: ClassName=4 Member=C2_4
Added Component: Designator=C?_1(CAP: 1206)
Add component (AddParameter): Name = "HelpURL"; Value = "https://www.digikey.com/product-detail/en/yageo/CC1206KRX7R9BB104/311-1179-1-ND/303089"; VariantName = "[No Variations]"
Add component (AddParameter): Name = "Manufacturer"; Value = "Yageo"; VariantName = "[No Variations]"
Add component (AddParameter): Name = "Package"; Value = "1206"; VariantName = "[No Variations]"
Add component (AddParameter): Name = "PartNumber"; Value = "CC1206KRX7R9BB104"; VariantName = "[No Variations]"
Add component (AddParameter): Name = "Temperature"; Value = "-55...+125°C"; VariantName = "[No Variations]"
Add component (AddParameter): Name = "Tolerance"; Value = "±10%"; VariantName = "[No Variations]"
Add component (AddParameter): Name = "TypeCapacitor"; Value = "Ceramic capacitor"; VariantName = "[No Variations]"
Add component (AddParameter): Name = "TypeDielectric"; Value = "X7R"; VariantName = "[No Variations]"
Add component (AddParameter): Name = "Value"; Value = "2.2?F"; VariantName = "[No Variations]"
Add component (AddParameter): Name = "ValueManufacturerPartNumber"; Value = "Ceramic capacitor, 2.2?F, X7R, ±10%, 16V, 1206, -55...+125°C"; VariantName = "[No Variations]"
Add component (AddParameter): Name = "Voltage"; Value = "16V"; VariantName = "[No Variations]"
Added Component: Designator=C?_1(CAP: 1206)
Add component (AddParameter): Name = "HelpURL"; Value = "https://www.digikey.com/product-detail/en/yageo/CC1206KRX7R9BB104/311-1179-1-ND/303089"; VariantName = "[No Variations]"
Add component (AddParameter): Name = "Manufacturer"; Value = "Yageo"; VariantName = "[No Variations]"
Add component (AddParameter): Name = "Package"; Value = "1206"; VariantName = "[No Variations]"
Add component (AddParameter): Name = "PartNumber"; Value = "CC1206KRX7R9BB104"; VariantName = "[No Variations]"
Add component (AddParameter): Name = "Temperature"; Value = "-55...+125°C"; VariantName = "[No Variations]"
Add component (AddParameter): Name = "Tolerance"; Value = "±10%"; VariantName = "[No Variations]"
Add component (AddParameter): Name = "TypeCapacitor"; Value = "Ceramic capacitor"; VariantName = "[No Variations]"
Add component (AddParameter): Name = "TypeDielectric"; Value = "X7R"; VariantName = "[No Variations]"
Add component (AddParameter): Name = "Value"; Value = "2.2?F"; VariantName = "[No Variations]"
Add component (AddParameter): Name = "ValueManufacturerPartNumber"; Value = "Ceramic capacitor, 2.2?F, X7R, ±10%, 16V, 1206, -55...+125°C"; VariantName = "[No Variations]"
Add component (AddParameter): Name = "Voltage"; Value = "16V"; VariantName = "[No Variations]"
Added Component: Designator=C?_1(CAP: 1206)
Add component (AddParameter): Name = "HelpURL"; Value = "https://www.digikey.com/product-detail/en/yageo/CC1206KRX7R9BB104/311-1179-1-ND/303089"; VariantName = "[No Variations]"
Add component (AddParameter): Name = "Manufacturer"; Value = "Yageo"; VariantName = "[No Variations]"
Add component (AddParameter): Name = "Package"; Value = "1206"; VariantName = "[No Variations]"
Add component (AddParameter): Name = "PartNumber"; Value = "CC1206KRX7R9BB104"; VariantName = "[No Variations]"
Add component (AddParameter): Name = "Temperature"; Value = "-55...+125°C"; VariantName = "[No Variations]"
Add component (AddParameter): Name = "Tolerance"; Value = "±10%"; VariantName = "[No Variations]"
Add component (AddParameter): Name = "TypeCapacitor"; Value = "Ceramic capacitor"; VariantName = "[No Variations]"
Add component (AddParameter): Name = "TypeDielectric"; Value = "X7R"; VariantName = "[No Variations]"
Add component (AddParameter): Name = "Value"; Value = "2.2?F"; VariantName = "[No Variations]"
Add component (AddParameter): Name = "ValueManufacturerPartNumber"; Value = "Ceramic capacitor, 2.2?F, X7R, ±10%, 16V, 1206, -55...+125°C"; VariantName = "[No Variations]"
Add component (AddParameter): Name = "Voltage"; Value = "16V"; VariantName = "[No Variations]"
Added Component: Designator=C?_2(CAP: 1206)
Add component (AddParameter): Name = "HelpURL"; Value = "https://www.digikey.com/product-detail/en/yageo/CC1206KRX7R9BB104/311-1179-1-ND/303089"; VariantName = "[No Variations]"
Add component (AddParameter): Name = "Manufacturer"; Value = "Yageo"; VariantName = "[No Variations]"
Add component (AddParameter): Name = "Package"; Value = "1206"; VariantName = "[No Variations]"
Add component (AddParameter): Name = "PartNumber"; Value = "CC1206KRX7R9BB104"; VariantName = "[No Variations]"
Add component (AddParameter): Name = "Temperature"; Value = "-55...+125°C"; VariantName = "[No Variations]"
Add component (AddParameter): Name = "Tolerance"; Value = "±10%"; VariantName = "[No Variations]"
Add component (AddParameter): Name = "TypeCapacitor"; Value = "Ceramic capacitor"; VariantName = "[No Variations]"
Add component (AddParameter): Name = "TypeDielectric"; Value = "X7R"; VariantName = "[No Variations]"
Add component (AddParameter): Name = "Value"; Value = "2.2?F"; VariantName = "[No Variations]"
Add component (AddParameter): Name = "ValueManufacturerPartNumber"; Value = "Ceramic capacitor, 2.2?F, X7R, ±10%, 16V, 1206, -55...+125°C"; VariantName = "[No Variations]"
Add component (AddParameter): Name = "Voltage"; Value = "16V"; VariantName = "[No Variations]"
Added Component: Designator=C?_2(CAP: 1206)
Add component (AddParameter): Name = "HelpURL"; Value = "https://www.digikey.com/product-detail/en/yageo/CC1206KRX7R9BB104/311-1179-1-ND/303089"; VariantName = "[No Variations]"
Add component (AddParameter): Name = "Manufacturer"; Value = "Yageo"; VariantName = "[No Variations]"
Add component (AddParameter): Name = "Package"; Value = "1206"; VariantName = "[No Variations]"
Add component (AddParameter): Name = "PartNumber"; Value = "CC1206KRX7R9BB104"; VariantName = "[No Variations]"
Add component (AddParameter): Name = "Temperature"; Value = "-55...+125°C"; VariantName = "[No Variations]"
Add component (AddParameter): Name = "Tolerance"; Value = "±10%"; VariantName = "[No Variations]"
Add component (AddParameter): Name = "TypeCapacitor"; Value = "Ceramic capacitor"; VariantName = "[No Variations]"
Add component (AddParameter): Name = "TypeDielectric"; Value = "X7R"; VariantName = "[No Variations]"
Add component (AddParameter): Name = "Value"; Value = "2.2?F"; VariantName = "[No Variations]"
Add component (AddParameter): Name = "ValueManufacturerPartNumber"; Value = "Ceramic capacitor, 2.2?F, X7R, ±10%, 16V, 1206, -55...+125°C"; VariantName = "[No Variations]"
Add component (AddParameter): Name = "Voltage"; Value = "16V"; VariantName = "[No Variations]"
Added Component: Designator=C?_2(CAP: 1206)
Add component (AddParameter): Name = "HelpURL"; Value = "https://www.digikey.com/product-detail/en/yageo/CC1206KRX7R9BB104/311-1179-1-ND/303089"; VariantName = "[No Variations]"
Add component (AddParameter): Name = "Manufacturer"; Value = "Yageo"; VariantName = "[No Variations]"
Add component (AddParameter): Name = "Package"; Value = "1206"; VariantName = "[No Variations]"
Add component (AddParameter): Name = "PartNumber"; Value = "CC1206KRX7R9BB104"; VariantName = "[No Variations]"
Add component (AddParameter): Name = "Temperature"; Value = "-55...+125°C"; VariantName = "[No Variations]"
Add component (AddParameter): Name = "Tolerance"; Value = "±10%"; VariantName = "[No Variations]"
Add component (AddParameter): Name = "TypeCapacitor"; Value = "Ceramic capacitor"; VariantName = "[No Variations]"
Add component (AddParameter): Name = "TypeDielectric"; Value = "X7R"; VariantName = "[No Variations]"
Add component (AddParameter): Name = "Value"; Value = "2.2?F"; VariantName = "[No Variations]"
Add component (AddParameter): Name = "ValueManufacturerPartNumber"; Value = "Ceramic capacitor, 2.2?F, X7R, ±10%, 16V, 1206, -55...+125°C"; VariantName = "[No Variations]"
Add component (AddParameter): Name = "Voltage"; Value = "16V"; VariantName = "[No Variations]"
Added Component: Designator=C?_3(CAP: 1206)
Add component (AddParameter): Name = "HelpURL"; Value = "https://www.digikey.com/product-detail/en/yageo/CC1206KRX7R9BB104/311-1179-1-ND/303089"; VariantName = "[No Variations]"
Add component (AddParameter): Name = "Manufacturer"; Value = "Yageo"; VariantName = "[No Variations]"
Add component (AddParameter): Name = "Package"; Value = "1206"; VariantName = "[No Variations]"
Add component (AddParameter): Name = "PartNumber"; Value = "CC1206KRX7R9BB104"; VariantName = "[No Variations]"
Add component (AddParameter): Name = "Temperature"; Value = "-55...+125°C"; VariantName = "[No Variations]"
Add component (AddParameter): Name = "Tolerance"; Value = "±10%"; VariantName = "[No Variations]"
Add component (AddParameter): Name = "TypeCapacitor"; Value = "Ceramic capacitor"; VariantName = "[No Variations]"
Add component (AddParameter): Name = "TypeDielectric"; Value = "X7R"; VariantName = "[No Variations]"
Add component (AddParameter): Name = "Value"; Value = "2.2?F"; VariantName = "[No Variations]"
Add component (AddParameter): Name = "ValueManufacturerPartNumber"; Value = "Ceramic capacitor, 2.2?F, X7R, ±10%, 16V, 1206, -55...+125°C"; VariantName = "[No Variations]"
Add component (AddParameter): Name = "Voltage"; Value = "16V"; VariantName = "[No Variations]"
Added Component: Designator=C?_3(CAP: 1206)
Add component (AddParameter): Name = "HelpURL"; Value = "https://www.digikey.com/product-detail/en/yageo/CC1206KRX7R9BB104/311-1179-1-ND/303089"; VariantName = "[No Variations]"
Add component (AddParameter): Name = "Manufacturer"; Value = "Yageo"; VariantName = "[No Variations]"
Add component (AddParameter): Name = "Package"; Value = "1206"; VariantName = "[No Variations]"
Add component (AddParameter): Name = "PartNumber"; Value = "CC1206KRX7R9BB104"; VariantName = "[No Variations]"
Add component (AddParameter): Name = "Temperature"; Value = "-55...+125°C"; VariantName = "[No Variations]"
Add component (AddParameter): Name = "Tolerance"; Value = "±10%"; VariantName = "[No Variations]"
Add component (AddParameter): Name = "TypeCapacitor"; Value = "Ceramic capacitor"; VariantName = "[No Variations]"
Add component (AddParameter): Name = "TypeDielectric"; Value = "X7R"; VariantName = "[No Variations]"
Add component (AddParameter): Name = "Value"; Value = "2.2?F"; VariantName = "[No Variations]"
Add component (AddParameter): Name = "ValueManufacturerPartNumber"; Value = "Ceramic capacitor, 2.2?F, X7R, ±10%, 16V, 1206, -55...+125°C"; VariantName = "[No Variations]"
Add component (AddParameter): Name = "Voltage"; Value = "16V"; VariantName = "[No Variations]"
Added Component: Designator=C?_3(CAP: 1206)
Add component (AddParameter): Name = "HelpURL"; Value = "https://www.digikey.com/product-detail/en/yageo/CC1206KRX7R9BB104/311-1179-1-ND/303089"; VariantName = "[No Variations]"
Add component (AddParameter): Name = "Manufacturer"; Value = "Yageo"; VariantName = "[No Variations]"
Add component (AddParameter): Name = "Package"; Value = "1206"; VariantName = "[No Variations]"
Add component (AddParameter): Name = "PartNumber"; Value = "CC1206KRX7R9BB104"; VariantName = "[No Variations]"
Add component (AddParameter): Name = "Temperature"; Value = "-55...+125°C"; VariantName = "[No Variations]"
Add component (AddParameter): Name = "Tolerance"; Value = "±10%"; VariantName = "[No Variations]"
Add component (AddParameter): Name = "TypeCapacitor"; Value = "Ceramic capacitor"; VariantName = "[No Variations]"
Add component (AddParameter): Name = "TypeDielectric"; Value = "X7R"; VariantName = "[No Variations]"
Add component (AddParameter): Name = "Value"; Value = "2.2?F"; VariantName = "[No Variations]"
Add component (AddParameter): Name = "ValueManufacturerPartNumber"; Value = "Ceramic capacitor, 2.2?F, X7R, ±10%, 16V, 1206, -55...+125°C"; VariantName = "[No Variations]"
Add component (AddParameter): Name = "Voltage"; Value = "16V"; VariantName = "[No Variations]"
Added Component: Designator=C?_4(CAP: 1206)
Add component (AddParameter): Name = "HelpURL"; Value = "https://www.digikey.com/product-detail/en/yageo/CC1206KRX7R9BB104/311-1179-1-ND/303089"; VariantName = "[No Variations]"
Add component (AddParameter): Name = "Manufacturer"; Value = "Yageo"; VariantName = "[No Variations]"
Add component (AddParameter): Name = "Package"; Value = "1206"; VariantName = "[No Variations]"
Add component (AddParameter): Name = "PartNumber"; Value = "CC1206KRX7R9BB104"; VariantName = "[No Variations]"
Add component (AddParameter): Name = "Temperature"; Value = "-55...+125°C"; VariantName = "[No Variations]"
Add component (AddParameter): Name = "Tolerance"; Value = "±10%"; VariantName = "[No Variations]"
Add component (AddParameter): Name = "TypeCapacitor"; Value = "Ceramic capacitor"; VariantName = "[No Variations]"
Add component (AddParameter): Name = "TypeDielectric"; Value = "X7R"; VariantName = "[No Variations]"
Add component (AddParameter): Name = "Value"; Value = "2.2?F"; VariantName = "[No Variations]"
Add component (AddParameter): Name = "ValueManufacturerPartNumber"; Value = "Ceramic capacitor, 2.2?F, X7R, ±10%, 16V, 1206, -55...+125°C"; VariantName = "[No Variations]"
Add component (AddParameter): Name = "Voltage"; Value = "16V"; VariantName = "[No Variations]"
Added Component: Designator=C?_4(CAP: 1206)
Add component (AddParameter): Name = "HelpURL"; Value = "https://www.digikey.com/product-detail/en/yageo/CC1206KRX7R9BB104/311-1179-1-ND/303089"; VariantName = "[No Variations]"
Add component (AddParameter): Name = "Manufacturer"; Value = "Yageo"; VariantName = "[No Variations]"
Add component (AddParameter): Name = "Package"; Value = "1206"; VariantName = "[No Variations]"
Add component (AddParameter): Name = "PartNumber"; Value = "CC1206KRX7R9BB104"; VariantName = "[No Variations]"
Add component (AddParameter): Name = "Temperature"; Value = "-55...+125°C"; VariantName = "[No Variations]"
Add component (AddParameter): Name = "Tolerance"; Value = "±10%"; VariantName = "[No Variations]"
Add component (AddParameter): Name = "TypeCapacitor"; Value = "Ceramic capacitor"; VariantName = "[No Variations]"
Add component (AddParameter): Name = "TypeDielectric"; Value = "X7R"; VariantName = "[No Variations]"
Add component (AddParameter): Name = "Value"; Value = "2.2?F"; VariantName = "[No Variations]"
Add component (AddParameter): Name = "ValueManufacturerPartNumber"; Value = "Ceramic capacitor, 2.2?F, X7R, ±10%, 16V, 1206, -55...+125°C"; VariantName = "[No Variations]"
Add component (AddParameter): Name = "Voltage"; Value = "16V"; VariantName = "[No Variations]"
Added Component: Designator=C?_4(CAP: 1206)
Add component (AddParameter): Name = "HelpURL"; Value = "https://www.digikey.com/product-detail/en/yageo/CC1206KRX7R9BB104/311-1179-1-ND/303089"; VariantName = "[No Variations]"
Add component (AddParameter): Name = "Manufacturer"; Value = "Yageo"; VariantName = "[No Variations]"
Add component (AddParameter): Name = "Package"; Value = "1206"; VariantName = "[No Variations]"
Add component (AddParameter): Name = "PartNumber"; Value = "CC1206KRX7R9BB104"; VariantName = "[No Variations]"
Add component (AddParameter): Name = "Temperature"; Value = "-55...+125°C"; VariantName = "[No Variations]"
Add component (AddParameter): Name = "Tolerance"; Value = "±10%"; VariantName = "[No Variations]"
Add component (AddParameter): Name = "TypeCapacitor"; Value = "Ceramic capacitor"; VariantName = "[No Variations]"
Add component (AddParameter): Name = "TypeDielectric"; Value = "X7R"; VariantName = "[No Variations]"
Add component (AddParameter): Name = "Value"; Value = "2.2?F"; VariantName = "[No Variations]"
Add component (AddParameter): Name = "ValueManufacturerPartNumber"; Value = "Ceramic capacitor, 2.2?F, X7R, ±10%, 16V, 1206, -55...+125°C"; VariantName = "[No Variations]"
Add component (AddParameter): Name = "Voltage"; Value = "16V"; VariantName = "[No Variations]"
Added Pin To Net: NetName=GND Pin=C?_1-1
Added Pin To Net: NetName=GND Pin=C?_1-1
Added Pin To Net: NetName=GND Pin=C?_1-1
Added Pin To Net: NetName=NetR1_4_1 Pin=C?_1-2
Added Pin To Net: NetName=NetR1_4_1 Pin=C?_1-2
Added Pin To Net: NetName=NetR1_4_1 Pin=C?_1-2
Added Pin To Net: NetName=GND Pin=C?_2-1
Added Pin To Net: NetName=GND Pin=C?_2-1
Added Pin To Net: NetName=GND Pin=C?_2-1
Added Pin To Net: NetName=NetR1_3_1 Pin=C?_2-2
Added Pin To Net: NetName=NetR1_3_1 Pin=C?_2-2
Added Pin To Net: NetName=NetR1_3_1 Pin=C?_2-2
Added Pin To Net: NetName=GND Pin=C?_3-1
Added Pin To Net: NetName=GND Pin=C?_3-1
Added Pin To Net: NetName=GND Pin=C?_3-1
Added Pin To Net: NetName=NetR1_2_1 Pin=C?_3-2
Added Pin To Net: NetName=NetR1_2_1 Pin=C?_3-2
Added Pin To Net: NetName=NetR1_2_1 Pin=C?_3-2
Added Pin To Net: NetName=GND Pin=C?_4-1
Added Pin To Net: NetName=GND Pin=C?_4-1
Added Pin To Net: NetName=GND Pin=C?_4-1
Added Pin To Net: NetName=NetR1_1_1 Pin=C?_4-2
Added Pin To Net: NetName=NetR1_1_1 Pin=C?_4-2
Added Pin To Net: NetName=NetR1_1_1 Pin=C?_4-2
Added Pin To Net: NetName=NetR1_4_1 Pin=R1_1-1
Added Pin To Net: NetName=NetR1_3_1 Pin=R1_2-1
Added Pin To Net: NetName=NetR1_2_1 Pin=R1_3-1
Added Pin To Net: NetName=NetR1_1_1 Pin=R1_4-1
Added Pin To Net: NetName=NetR1_4_1 Pin=X1_1-1
Added Pin To Net: NetName=NetR1_3_1 Pin=X1_2-1
Added Pin To Net: NetName=NetR1_2_1 Pin=X1_3-1
Added Pin To Net: NetName=NetR1_1_1 Pin=X1_4-1
Change Net Name : Old Net Name=NetR1_1_1 New Net Name=NetC?_4_2
Change Net Name : Old Net Name=NetR1_2_1 New Net Name=NetC?_3_2
Change Net Name : Old Net Name=NetR1_3_1 New Net Name=NetC?_2_2
Change Net Name : Old Net Name=NetR1_4_1 New Net Name=NetC?_1_2
Added Member To Class: ClassName=1 Member=Component C?_1 (C?) Ceramic capacitor, 2.2?F, X7R, ±10%, 16V, 1206, -55...+125°C
Added Member To Class: ClassName=1 Member=Component C?_1 (C?) Ceramic capacitor, 2.2?F, X7R, ±10%, 16V, 1206, -55...+125°C
Added Member To Class: ClassName=1 Member=Component C?_1 (C?) Ceramic capacitor, 2.2?F, X7R, ±10%, 16V, 1206, -55...+125°C
Added Member To Class: ClassName=2 Member=Component C?_2 (C?) Ceramic capacitor, 2.2?F, X7R, ±10%, 16V, 1206, -55...+125°C
Added Member To Class: ClassName=2 Member=Component C?_2 (C?) Ceramic capacitor, 2.2?F, X7R, ±10%, 16V, 1206, -55...+125°C
Added Member To Class: ClassName=2 Member=Component C?_2 (C?) Ceramic capacitor, 2.2?F, X7R, ±10%, 16V, 1206, -55...+125°C
Added Member To Class: ClassName=3 Member=Component C?_3 (C?) Ceramic capacitor, 2.2?F, X7R, ±10%, 16V, 1206, -55...+125°C
Added Member To Class: ClassName=3 Member=Component C?_3 (C?) Ceramic capacitor, 2.2?F, X7R, ±10%, 16V, 1206, -55...+125°C
Added Member To Class: ClassName=3 Member=Component C?_3 (C?) Ceramic capacitor, 2.2?F, X7R, ±10%, 16V, 1206, -55...+125°C
Added Member To Class: ClassName=4 Member=Component C?_4 (C?) Ceramic capacitor, 2.2?F, X7R, ±10%, 16V, 1206, -55...+125°C
Added Member To Class: ClassName=4 Member=Component C?_4 (C?) Ceramic capacitor, 2.2?F, X7R, ±10%, 16V, 1206, -55...+125°C
Added Member To Class: ClassName=4 Member=Component C?_4 (C?) Ceramic capacitor, 2.2?F, X7R, ±10%, 16V, 1206, -55...+125°C
Added Room: Name=1
Added Room: Name=2
Added Room: Name=3
Added Room: Name=4
Added Room: Name=Sheet2
