Removed Pin From Net: NetName=GND Pin=VD1_1-3
Removed Pin From Net: NetName=GND Pin=VD1_1-4
Removed Pin From Net: NetName=GND Pin=VD1_2-3
Removed Pin From Net: NetName=GND Pin=VD1_2-4
Removed Pin From Net: NetName=GND Pin=VD1_3-3
Removed Pin From Net: NetName=GND Pin=VD1_3-4
Removed Pin From Net: NetName=GND Pin=VD1_4-3
Removed Pin From Net: NetName=GND Pin=VD1_4-4
Change Component DesignItemId : Designator=C3_1 Old DesignItemId=Ceramic_1206 New DesignItemId=Ceramic_0805
Change Component DesignItemId : Designator=C3_2 Old DesignItemId=Ceramic_1206 New DesignItemId=Ceramic_0805
Change Component DesignItemId : Designator=C3_3 Old DesignItemId=Ceramic_1206 New DesignItemId=Ceramic_0805
Change Component DesignItemId : Designator=C3_4 Old DesignItemId=Ceramic_1206 New DesignItemId=Ceramic_0805
Change Component Footprint: Designator=C3_1 Old Footprint=CAP: 1206 New Footprint=CAP: 0805
Change Component Footprint: Designator=C3_2 Old Footprint=CAP: 1206 New Footprint=CAP: 0805
Change Component Footprint: Designator=C3_3 Old Footprint=CAP: 1206 New Footprint=CAP: 0805
Change Component Footprint: Designator=C3_4 Old Footprint=CAP: 1206 New Footprint=CAP: 0805
Change Component Comment : Designator=C3_1 Old Comment=Ceramic capacitor, 2.2?F, X7R, ±10%, 16V, 1206, -55...+125°C New Comment=Ceramic capacitor, 0.1?F, X7R, ±10%, 16V, 0805, -55...+125°C
Change Component Comment : Designator=C3_2 Old Comment=Ceramic capacitor, 2.2?F, X7R, ±10%, 16V, 1206, -55...+125°C New Comment=Ceramic capacitor, 0.1?F, X7R, ±10%, 16V, 0805, -55...+125°C
Change Component Comment : Designator=C3_3 Old Comment=Ceramic capacitor, 2.2?F, X7R, ±10%, 16V, 1206, -55...+125°C New Comment=Ceramic capacitor, 0.1?F, X7R, ±10%, 16V, 0805, -55...+125°C
Change Component Comment : Designator=C3_4 Old Comment=Ceramic capacitor, 2.2?F, X7R, ±10%, 16V, 1206, -55...+125°C New Comment=Ceramic capacitor, 0.1?F, X7R, ±10%, 16V, 0805, -55...+125°C
Change component parameters: Designator = "C3_1" ("C3"); Footprint = "CAP: 1206"; UniqueID = "\REXACHKE\RNVMUWFU" ("\REXACHKE\RNVMUWFU")
Change component parameters (AddParameter): Name = "HelpURL"; Value = "https://www.digikey.com/product-detail/en/yageo/CC0805KRX7R7BB104/311-1142-1-ND/303052"; VariantName = "[No Variations]"
Change component parameters (AddParameter): Name = "Manufacturer"; Value = "Yageo"; VariantName = "[No Variations]"
Change component parameters (AddParameter): Name = "Package"; Value = "0805"; VariantName = "[No Variations]"
Change component parameters (AddParameter): Name = "PartNumber"; Value = "CC0805KRX7R7BB104"; VariantName = "[No Variations]"
Change component parameters (AddParameter): Name = "Temperature"; Value = "-55...+125°C"; VariantName = "[No Variations]"
Change component parameters (AddParameter): Name = "Tolerance"; Value = "±10%"; VariantName = "[No Variations]"
Change component parameters (AddParameter): Name = "TypeCapacitor"; Value = "Ceramic capacitor"; VariantName = "[No Variations]"
Change component parameters (AddParameter): Name = "TypeDielectric"; Value = "X7R"; VariantName = "[No Variations]"
Change component parameters (AddParameter): Name = "Value"; Value = "0.1?F"; VariantName = "[No Variations]"
Change component parameters (AddParameter): Name = "ValueManufacturerPartNumber"; Value = "Ceramic capacitor, 0.1?F, X7R, ±10%, 16V, 0805, -55...+125°C"; VariantName = "[No Variations]"
Change component parameters (AddParameter): Name = "Voltage"; Value = "16V"; VariantName = "[No Variations]"
Change component parameters: Designator = "C3_2" ("C3"); Footprint = "CAP: 1206"; UniqueID = "\YKHEBRAM\RNVMUWFU" ("\YKHEBRAM\RNVMUWFU")
Change component parameters (AddParameter): Name = "HelpURL"; Value = "https://www.digikey.com/product-detail/en/yageo/CC0805KRX7R7BB104/311-1142-1-ND/303052"; VariantName = "[No Variations]"
Change component parameters (AddParameter): Name = "Manufacturer"; Value = "Yageo"; VariantName = "[No Variations]"
Change component parameters (AddParameter): Name = "Package"; Value = "0805"; VariantName = "[No Variations]"
Change component parameters (AddParameter): Name = "PartNumber"; Value = "CC0805KRX7R7BB104"; VariantName = "[No Variations]"
Change component parameters (AddParameter): Name = "Temperature"; Value = "-55...+125°C"; VariantName = "[No Variations]"
Change component parameters (AddParameter): Name = "Tolerance"; Value = "±10%"; VariantName = "[No Variations]"
Change component parameters (AddParameter): Name = "TypeCapacitor"; Value = "Ceramic capacitor"; VariantName = "[No Variations]"
Change component parameters (AddParameter): Name = "TypeDielectric"; Value = "X7R"; VariantName = "[No Variations]"
Change component parameters (AddParameter): Name = "Value"; Value = "0.1?F"; VariantName = "[No Variations]"
Change component parameters (AddParameter): Name = "ValueManufacturerPartNumber"; Value = "Ceramic capacitor, 0.1?F, X7R, ±10%, 16V, 0805, -55...+125°C"; VariantName = "[No Variations]"
Change component parameters (AddParameter): Name = "Voltage"; Value = "16V"; VariantName = "[No Variations]"
Change component parameters: Designator = "C3_3" ("C3"); Footprint = "CAP: 1206"; UniqueID = "\KJEGUDLO\RNVMUWFU" ("\KJEGUDLO\RNVMUWFU")
Change component parameters (AddParameter): Name = "HelpURL"; Value = "https://www.digikey.com/product-detail/en/yageo/CC0805KRX7R7BB104/311-1142-1-ND/303052"; VariantName = "[No Variations]"
Change component parameters (AddParameter): Name = "Manufacturer"; Value = "Yageo"; VariantName = "[No Variations]"
Change component parameters (AddParameter): Name = "Package"; Value = "0805"; VariantName = "[No Variations]"
Change component parameters (AddParameter): Name = "PartNumber"; Value = "CC0805KRX7R7BB104"; VariantName = "[No Variations]"
Change component parameters (AddParameter): Name = "Temperature"; Value = "-55...+125°C"; VariantName = "[No Variations]"
Change component parameters (AddParameter): Name = "Tolerance"; Value = "±10%"; VariantName = "[No Variations]"
Change component parameters (AddParameter): Name = "TypeCapacitor"; Value = "Ceramic capacitor"; VariantName = "[No Variations]"
Change component parameters (AddParameter): Name = "TypeDielectric"; Value = "X7R"; VariantName = "[No Variations]"
Change component parameters (AddParameter): Name = "Value"; Value = "0.1?F"; VariantName = "[No Variations]"
Change component parameters (AddParameter): Name = "ValueManufacturerPartNumber"; Value = "Ceramic capacitor, 0.1?F, X7R, ±10%, 16V, 0805, -55...+125°C"; VariantName = "[No Variations]"
Change component parameters (AddParameter): Name = "Voltage"; Value = "16V"; VariantName = "[No Variations]"
Change component parameters: Designator = "C3_4" ("C3"); Footprint = "CAP: 1206"; UniqueID = "\SNTFHQFO\RNVMUWFU" ("\SNTFHQFO\RNVMUWFU")
Change component parameters (AddParameter): Name = "HelpURL"; Value = "https://www.digikey.com/product-detail/en/yageo/CC0805KRX7R7BB104/311-1142-1-ND/303052"; VariantName = "[No Variations]"
Change component parameters (AddParameter): Name = "Manufacturer"; Value = "Yageo"; VariantName = "[No Variations]"
Change component parameters (AddParameter): Name = "Package"; Value = "0805"; VariantName = "[No Variations]"
Change component parameters (AddParameter): Name = "PartNumber"; Value = "CC0805KRX7R7BB104"; VariantName = "[No Variations]"
Change component parameters (AddParameter): Name = "Temperature"; Value = "-55...+125°C"; VariantName = "[No Variations]"
Change component parameters (AddParameter): Name = "Tolerance"; Value = "±10%"; VariantName = "[No Variations]"
Change component parameters (AddParameter): Name = "TypeCapacitor"; Value = "Ceramic capacitor"; VariantName = "[No Variations]"
Change component parameters (AddParameter): Name = "TypeDielectric"; Value = "X7R"; VariantName = "[No Variations]"
Change component parameters (AddParameter): Name = "Value"; Value = "0.1?F"; VariantName = "[No Variations]"
Change component parameters (AddParameter): Name = "ValueManufacturerPartNumber"; Value = "Ceramic capacitor, 0.1?F, X7R, ±10%, 16V, 0805, -55...+125°C"; VariantName = "[No Variations]"
Change component parameters (AddParameter): Name = "Voltage"; Value = "16V"; VariantName = "[No Variations]"
Added Member To Class: ClassName=1 Member=Component C?_1 (C?) Ceramic capacitor, 2.2?F, X7R, ±10%, 16V, 1206, -55...+125°C
Added Member To Class: ClassName=1 Member=Component C?_1 (C?) Ceramic capacitor, 2.2?F, X7R, ±10%, 16V, 1206, -55...+125°C
Added Member To Class: ClassName=2 Member=Component C?_2 (C?) Ceramic capacitor, 2.2?F, X7R, ±10%, 16V, 1206, -55...+125°C
Added Member To Class: ClassName=2 Member=Component C?_2 (C?) Ceramic capacitor, 2.2?F, X7R, ±10%, 16V, 1206, -55...+125°C
Added Member To Class: ClassName=3 Member=Component C?_3 (C?) Ceramic capacitor, 2.2?F, X7R, ±10%, 16V, 1206, -55...+125°C
Added Member To Class: ClassName=3 Member=Component C?_3 (C?) Ceramic capacitor, 2.2?F, X7R, ±10%, 16V, 1206, -55...+125°C
Added Member To Class: ClassName=4 Member=Component C?_4 (C?) Ceramic capacitor, 2.2?F, X7R, ±10%, 16V, 1206, -55...+125°C
Added Member To Class: ClassName=4 Member=Component C?_4 (C?) Ceramic capacitor, 2.2?F, X7R, ±10%, 16V, 1206, -55...+125°C
Added Room: Name=Sheet2
