Change Component DesignItemId : Designator=C3_1 Old DesignItemId=Ceramic_1206 New DesignItemId=Ceramic_0805
Change Component DesignItemId : Designator=C3_2 Old DesignItemId=Ceramic_1206 New DesignItemId=Ceramic_0805
Change Component DesignItemId : Designator=C3_3 Old DesignItemId=Ceramic_1206 New DesignItemId=Ceramic_0805
Change Component DesignItemId : Designator=C3_4 Old DesignItemId=Ceramic_1206 New DesignItemId=Ceramic_0805
Change Component Footprint: Designator=C3_1 Old Footprint=CAP: 1206 New Footprint=CAP: 0805
Change Component Footprint: Designator=C3_2 Old Footprint=CAP: 1206 New Footprint=CAP: 0805
Change Component Footprint: Designator=C3_3 Old Footprint=CAP: 1206 New Footprint=CAP: 0805
Change Component Footprint: Designator=C3_4 Old Footprint=CAP: 1206 New Footprint=CAP: 0805
Change Component Comment : Designator=C3_1 Old Comment=Ceramic capacitor, 2.2?F, X7R, ±10%, 16V, 1206, -55...+125°C New Comment=Ceramic capacitor, 0.1?F, X7R, ±10%, 16V, 0805, -55...+125°C
Change Component Comment : Designator=C3_2 Old Comment=Ceramic capacitor, 2.2?F, X7R, ±10%, 16V, 1206, -55...+125°C New Comment=Ceramic capacitor, 0.1?F, X7R, ±10%, 16V, 0805, -55...+125°C
Change Component Comment : Designator=C3_3 Old Comment=Ceramic capacitor, 2.2?F, X7R, ±10%, 16V, 1206, -55...+125°C New Comment=Ceramic capacitor, 0.1?F, X7R, ±10%, 16V, 0805, -55...+125°C
Change Component Comment : Designator=C3_4 Old Comment=Ceramic capacitor, 2.2?F, X7R, ±10%, 16V, 1206, -55...+125°C New Comment=Ceramic capacitor, 0.1?F, X7R, ±10%, 16V, 0805, -55...+125°C
Added Member To Class: ClassName=1 Member=Component C?_1 (C?) Ceramic capacitor, 2.2?F, X7R, ±10%, 16V, 1206, -55...+125°C
Added Member To Class: ClassName=1 Member=Component C?_1 (C?) Ceramic capacitor, 2.2?F, X7R, ±10%, 16V, 1206, -55...+125°C
Added Member To Class: ClassName=2 Member=Component C?_2 (C?) Ceramic capacitor, 2.2?F, X7R, ±10%, 16V, 1206, -55...+125°C
Added Member To Class: ClassName=2 Member=Component C?_2 (C?) Ceramic capacitor, 2.2?F, X7R, ±10%, 16V, 1206, -55...+125°C
Added Member To Class: ClassName=3 Member=Component C?_3 (C?) Ceramic capacitor, 2.2?F, X7R, ±10%, 16V, 1206, -55...+125°C
Added Member To Class: ClassName=3 Member=Component C?_3 (C?) Ceramic capacitor, 2.2?F, X7R, ±10%, 16V, 1206, -55...+125°C
Added Member To Class: ClassName=4 Member=Component C?_4 (C?) Ceramic capacitor, 2.2?F, X7R, ±10%, 16V, 1206, -55...+125°C
Added Member To Class: ClassName=4 Member=Component C?_4 (C?) Ceramic capacitor, 2.2?F, X7R, ±10%, 16V, 1206, -55...+125°C
Added Room: Name=Sheet2
